10/20/2016 7:05:28 AM	This log contains information about the import schema operation into project 'DeployDBDemo' on computer 'YURIA' by user 'mickgreen58'.
10/20/2016 7:05:29 AM	Import of database schema has started.
10/20/2016 7:05:30 AM	Gathering database options
10/20/2016 7:05:30 AM	Gathering users
10/20/2016 7:05:30 AM	Gathering roles
10/20/2016 7:05:30 AM	Gathering application roles
10/20/2016 7:05:30 AM	Gathering role memberships
10/20/2016 7:05:30 AM	Gathering filegroups
10/20/2016 7:05:30 AM	Gathering full-text catalogs
10/20/2016 7:05:30 AM	Gathering assemblies
10/20/2016 7:05:30 AM	Gathering certificates
10/20/2016 7:05:30 AM	Gathering asymmetric keys
10/20/2016 7:05:30 AM	Gathering symmetric keys
10/20/2016 7:05:30 AM	Gathering encrypted symmetric keys
10/20/2016 7:05:30 AM	Gathering schemas
10/20/2016 7:05:30 AM	Gathering XML schema collections
10/20/2016 7:05:30 AM	Gathering user-defined data types
10/20/2016 7:05:30 AM	Gathering user-defined types
10/20/2016 7:05:30 AM	Gathering table types
10/20/2016 7:05:30 AM	Gathering unique keys for table types
10/20/2016 7:05:30 AM	Gathering primary keys for table types
10/20/2016 7:05:30 AM	Gathering indexes for table types
10/20/2016 7:05:30 AM	Gathering check constraints for table types
10/20/2016 7:05:30 AM	Gathering default constraints for table types
10/20/2016 7:05:30 AM	Gathering partition functions
10/20/2016 7:05:30 AM	Gathering partition schemes
10/20/2016 7:05:30 AM	Gathering functions
10/20/2016 7:05:30 AM	Gathering encrypted functions
10/20/2016 7:05:30 AM	Gathering aggregates
10/20/2016 7:05:30 AM	Gathering procedures
10/20/2016 7:05:30 AM	Gathering encrypted procedures
10/20/2016 7:05:30 AM	Gathering tables
10/20/2016 7:05:30 AM	Gathering primary keys
10/20/2016 7:05:30 AM	Gathering unique constraints
10/20/2016 7:05:30 AM	Gathering foreign keys
10/20/2016 7:05:30 AM	Gathering default constraints
10/20/2016 7:05:30 AM	Gathering check constraints
10/20/2016 7:05:30 AM	Gathering views
10/20/2016 7:05:30 AM	Gathering encrypted views
10/20/2016 7:05:30 AM	Gathering indexes
10/20/2016 7:05:30 AM	Gathering statistics
10/20/2016 7:05:30 AM	Gathering full-text index stoplists
10/20/2016 7:05:30 AM	Gathering search property lists
10/20/2016 7:05:30 AM	Gathering search properties
10/20/2016 7:05:30 AM	Gathering full-text indexes
10/20/2016 7:05:30 AM	Gathering column store indexes
10/20/2016 7:05:30 AM	Gathering spatial indexes
10/20/2016 7:05:30 AM	Gathering XML indexes
10/20/2016 7:05:30 AM	Gathering Selective XML indexes
10/20/2016 7:05:30 AM	Gathering encrypted triggers
10/20/2016 7:05:30 AM	Gathering triggers
10/20/2016 7:05:30 AM	Gathering encrypted and clr ddl triggers
10/20/2016 7:05:30 AM	Gathering ddl triggers
10/20/2016 7:05:30 AM	Gathering synonyms
10/20/2016 7:05:30 AM	Gathering defaults
10/20/2016 7:05:30 AM	Gathering data constraint uddt bindings
10/20/2016 7:05:30 AM	Gathering rules
10/20/2016 7:05:30 AM	Gathering data constraint uddt bindings
10/20/2016 7:05:30 AM	Gathering message types
10/20/2016 7:05:30 AM	Gathering queues
10/20/2016 7:05:30 AM	Gathering contracts
10/20/2016 7:05:30 AM	Gathering services
10/20/2016 7:05:30 AM	Gathering event notifications
10/20/2016 7:05:30 AM	Gathering remote service bindings
10/20/2016 7:05:30 AM	Gathering broker priorities
10/20/2016 7:05:30 AM	Gathering signatures
10/20/2016 7:05:30 AM	Gathering data compression options
10/20/2016 7:05:30 AM	Gathering sequence types
10/20/2016 7:05:30 AM	Gathering extended properties
10/20/2016 7:05:30 AM	Gathering credentials
10/20/2016 7:05:30 AM	Gathering logins
10/20/2016 7:05:30 AM	Gathering server audits
10/20/2016 7:05:31 AM	Scanning project for duplicate elements
10/20/2016 7:05:31 AM	Finished duplicate element processing
10/20/2016 7:05:31 AM	Finished importing database.
10/20/2016 7:05:31 AM	A summary of the import was saved to the following location: C:\Git\DeployDBDemo\DeployDBDemo\Import Schema Logs\DeployDBDemo_20161020120528.log
10/20/2016 7:05:31 AM	Click Finish to continue...
